<?xml version="1.0" encoding="UTF-8"?>
<testng-results ignored="0" total="1" passed="1" failed="0" skipped="0">
  <reporter-output>
  </reporter-output>
  <suite started-at="2022-04-04T12:20:27 IST" name="Default suite" finished-at="2022-04-04T12:20:38 IST" duration-ms="11064">
    <groups>
    </groups>
    <test started-at="2022-04-04T12:20:27 IST" name="Default test" finished-at="2022-04-04T12:20:38 IST" duration-ms="11064">
      <class name="bible.PayslipCreateTest">
        <test-method is-config="true" signature="browserinitialization()[pri:0, instance:bible.PayslipCreateTest@1af2d44a]" started-at="2022-04-04T12:20:27 IST" name="browserinitialization" finished-at="2022-04-04T12:20:34 IST" duration-ms="6189" status="PASS">
          <reporter-output>
          </reporter-output>
        </test-method> <!-- browserinitialization -->
        <test-method signature="TC_30payslippdfview()[pri:0, instance:bible.PayslipCreateTest@1af2d44a]" started-at="2022-04-04T12:20:34 IST" name="TC_30payslippdfview" finished-at="2022-04-04T12:20:38 IST" duration-ms="4837" status="PASS">
          <reporter-output>
          </reporter-output>
        </test-method> <!-- TC_30payslippdfview -->
        <test-method is-config="true" signature="teardown()[pri:0, instance:bible.PayslipCreateTest@1af2d44a]" started-at="2022-04-04T12:20:38 IST" name="teardown" finished-at="2022-04-04T12:20:38 IST" duration-ms="17" status="PASS">
          <reporter-output>
          </reporter-output>
        </test-method> <!-- teardown -->
      </class> <!-- bible.PayslipCreateTest -->
    </test> <!-- Default test -->
  </suite> <!-- Default suite -->
</testng-results>
